<?xml version="1.0" encoding="UTF-8"?>
<!-- Generated by org.testng.reporters.JUnitReportReporter -->
<testsuite hostname="DESKTOP-NOPHRFF" failures="0" tests="1" name="testcases.VodafoneSearchQuery" time="30.345" errors="0" timestamp="2021-06-21T17:02:16 EET" skipped="0">
  <testcase classname="testcases.VodafoneSearchQuery" name="InitiateVodafoneSearch" time="30.345"/>
  <system-out/>
</testsuite> <!-- testcases.VodafoneSearchQuery -->
